********************************************************************************
DUPLICATOR-LITE PACKAGE-LOG: 21 August, 2020 7:20 pm
NOTICE: Do NOT post to public sites or forums 
********************************************************************************
VERSION:	1.3.36
WORDPRESS:	5.5
PHP INFO:	7.2.31 | SAPI: apache2handler
SERVER:		Apache/2.4.43 (Win64) OpenSSL/1.1.1g PHP/7.2.31 
PHP TIME LIMIT: (0) no time limit imposed 
PHP MAX MEMORY: 4294967296 (512M default) 
MEMORY STACK: 16MB

********************************************************************************
DATABASE:
********************************************************************************
BUILD MODE:   MYSQLDUMP
MYSQLTIMEOUT: 5000
MYSQLDUMP:    Is Supported
SQL CREATED: 20200821_tbltechnerdsshop_6dc7d2f093c6ff528977_20200821191929_database.sql
SQL FILE SIZE: 2.98MB (3129953)
SQL FILE TIME: 2020-08-21 19:21:18
SQL RUNTIME: 24.42 sec.

********************************************************************************
ARCHIVE (ZIP):
********************************************************************************
ARCHIVE DIR:  C:/xampp/htdocs/desarrollo/technerds
ARCHIVE FILE: 20200821_tbltechnerdsshop_6dc7d2f093c6ff528977_20200821191929_archive.zip
FILTERS: *OFF*
DIRS:
	not set
FILES:
	not set
EXTS:  not set
----------------------------------------
COMPRESSING
SIZE:	213.56MB
STATS:	Dirs 1,885 | Files 12,948
SQL ADDED: 20200821_tbltechnerdsshop_6dc7d2f093c6ff528977_20200821191929_database.sql
ZipArchive Object
(
    [status] => 0
    [statusSys] => 0
    [numFiles] => 14833
    [filename] => C:\xampp\htdocs\desarrollo\technerds\wp-content\backups-dup-lite\tmp\20200821_tbltechnerdsshop_6dc7d2f093c6ff528977_20200821191929_archive.zip
    [comment] => 
)

FILE ADDED TO ZIP: 14832
COMPRESSION RESULT: '1'
COMPRESSED SIZE: 64.59MB
ARCHIVE RUNTIME: 855.34 sec.
MEMORY STACK: 22MB
building installer
add_extra_files1
add_extra_files2
add_extra_files3
add_extra_files4
Doing archive file check
add_extra_files5
add_extra_files6
add_extra_files8
Successfully opened zip C:/xampp/htdocs/desarrollo/technerds/wp-content/backups-dup-lite/tmp/20200821_tbltechnerdsshop_6dc7d2f093c6ff528977_20200821191929_archive.zip
Adding enhanced installer files to archive using ZipArchive
Installer files added to archive
Added to archive
After ziparchive close when adding installer

********************************************************************************
INTEGRITY CHECKS:
********************************************************************************
SQL FILE: 2.98MB
INSTALLER FILE: 61.32KB
ARCHIVE FILE: 66.15MB 
RECUENTO ARCHIVOS/DIRECTORIOS ESPERADOS: 14,833
RECUENTO ARCHIVOS/DIRECTORIOS ACTUALES: 14,832
PRUEBA DE CONSISTENCIA DEL ARCHIVO: Superado

********************************************************************************
RECORD ID:[1]
TOTAL PROCESS RUNTIME: 906.38 sec.
PEAK PHP MEMORY USED: 24MB
DONE PROCESSING => 20200821_tbltechnerdsshop 21 August, 2020 7:36 pm

