********************************************************************************
DUPLICATOR-LITE PACKAGE-LOG: 24 August, 2020 9:05 pm
NOTICE: Do NOT post to public sites or forums 
********************************************************************************
VERSION:	1.3.36
WORDPRESS:	5.5
PHP INFO:	7.2.31 | SAPI: apache2handler
SERVER:		Apache/2.4.43 (Win64) OpenSSL/1.1.1g PHP/7.2.31 
PHP TIME LIMIT: (0) no time limit imposed 
PHP MAX MEMORY: 4294967296 (512M default) 
MEMORY STACK: 14MB

********************************************************************************
DATABASE:
********************************************************************************
BUILD MODE:   MYSQLDUMP
MYSQLTIMEOUT: 5000
MYSQLDUMP:    Is Supported
SQL CREATED: 20200821_tbltechnerdsshop_e58fed1eb134ee4a3430_20200824210227_database.sql
SQL FILE SIZE: 2.79MB (2926091)
SQL FILE TIME: 2020-08-24 21:05:49
SQL RUNTIME: 27.21 sec.

********************************************************************************
ARCHIVE (ZIP):
********************************************************************************
ARCHIVE DIR:  C:/xampp/htdocs/desarrollo/technerds
ARCHIVE FILE: 20200821_tbltechnerdsshop_e58fed1eb134ee4a3430_20200824210227_archive.zip
FILTERS: *OFF*
DIRS:
	not set
FILES:
	not set
EXTS:  not set
----------------------------------------
COMPRESSING
SIZE:	213.58MB
STATS:	Dirs 1,885 | Files 12,950
SQL ADDED: 20200821_tbltechnerdsshop_e58fed1eb134ee4a3430_20200824210227_database.sql
ZipArchive Object
(
    [status] => 0
    [statusSys] => 0
    [numFiles] => 14835
    [filename] => C:\xampp\htdocs\desarrollo\technerds\wp-content\backups-dup-lite\tmp\20200821_tbltechnerdsshop_e58fed1eb134ee4a3430_20200824210227_archive.zip
    [comment] => 
)

FILE ADDED TO ZIP: 14834
COMPRESSION RESULT: '1'
COMPRESSED SIZE: 64.55MB
ARCHIVE RUNTIME: 1426.38 sec.
MEMORY STACK: 18MB
building installer
add_extra_files1
add_extra_files2
add_extra_files3
add_extra_files4
Doing archive file check
add_extra_files5
add_extra_files6
add_extra_files8
Successfully opened zip C:/xampp/htdocs/desarrollo/technerds/wp-content/backups-dup-lite/tmp/20200821_tbltechnerdsshop_e58fed1eb134ee4a3430_20200824210227_archive.zip
Adding enhanced installer files to archive using ZipArchive
Installer files added to archive
Added to archive
After ziparchive close when adding installer

********************************************************************************
INTEGRITY CHECKS:
********************************************************************************
SQL FILE: 2.79MB
INSTALLER FILE: 61.32KB
ARCHIVE FILE: 66.11MB 
RECUENTO ARCHIVOS/DIRECTORIOS ESPERADOS: 14,835
RECUENTO ARCHIVOS/DIRECTORIOS ACTUALES: 14,834
PRUEBA DE CONSISTENCIA DEL ARCHIVO: Superado

********************************************************************************
RECORD ID:[2]
TOTAL PROCESS RUNTIME: 1629.01 sec.
PEAK PHP MEMORY USED: 22MB
DONE PROCESSING => 20200821_tbltechnerdsshop 24 August, 2020 9:32 pm

